
       40394798812      branches:u                                                              (4.72%)
         437009447      branch-misses:u                  #    1.08% of all branches             (5.66%)
        2160246110      cache-misses:u                   #   56.253 % of all cache refs         (6.61%)
        3840229818      cache-references:u                                                      (7.55%)
           4456576      L1-icache-load-misses:u                                                 (8.49%)
        4426291766      L1-dcache-load-misses:u          #    6.75% of all L1-dcache accesses   (8.49%)
       67087137652      L1-dcache-loads:u                                                       (7.55%)
       14991996491      L1-dcache-stores:u                                                      (7.55%)
        1374663583      LLC-load-misses:u                #   51.01% of all LL-cache accesses    (7.55%)
        2737034821      LLC-loads:u                                                             (7.55%)
          33531892      LLC-store-misses:u                                                      (1.90%)
          81711353      LLC-stores:u                                                            (1.91%)
       11882674550 ns   duration_time:u                                                       
                 0      FP_ARITH_INST_RETIRED.128B_PACKED_SINGLE:u #      0.0 %  tma_fp_vector          
                                                  #      0.0 %  tma_fp_arith           
                                                  #      1.6 %  tma_other_light_ops      (5.71%)
      173363512881      INST_RETIRED.ANY:u               #     -0.9 %  tma_heavy_operations   
                                                  #      4.9 %  tma_light_operations   
                                                  #      0.3 %  tma_fused_instructions 
                                                  #      2.0 %  tma_memory_operations  
                                                  #      1.1 %  tma_non_fused_branches 
                                                  #      0.0 %  tma_nop_instructions     (6.66%)
       37721754377      BR_INST_RETIRED.ALL_BRANCHES:u                                          (7.61%)
        8692914315      CPU_CLK_UNHALTED.REF_XCLK:u      #      4.1 %  tma_retiring           
                                                  #      0.0 %  tma_x87_use              (7.61%)
      208091337827      UOPS_EXECUTED.THREAD:u                                                  (8.56%)
                35      FP_ARITH_INST_RETIRED.SCALAR_DOUBLE:u #      0.0 %  tma_fp_scalar            (8.55%)
                 0      FP_ARITH_INST_RETIRED.512B_PACKED_SINGLE:u                                        (8.55%)
             17405      UOPS_EXECUTED.X87:u                                                     (8.55%)
                 0      FP_ARITH_INST_RETIRED.SCALAR_SINGLE:u                                        (8.55%)
       69431780267      MEM_INST_RETIRED.ANY:u                                                  (8.55%)
        8695603460      CPU_CLK_UNHALTED.ONE_THREAD_ACTIVE:u                                        (7.59%)
                 0      FP_ARITH_INST_RETIRED.256B_PACKED_DOUBLE:u                                        (7.60%)
      833948114883      CPU_CLK_UNHALTED.THREAD:u                                               (7.60%)
                 0      FP_ARITH_INST_RETIRED.128B_PACKED_DOUBLE:u                                        (7.60%)
      136601901573      UOPS_RETIRED.RETIRE_SLOTS:u                                             (7.60%)
         202127538      INST_RETIRED.NOP:u                                                      (7.60%)
        8275167126      UOPS_RETIRED.MACRO_FUSED:u                                              (7.60%)
                 0      FP_ARITH_INST_RETIRED.512B_PACKED_DOUBLE:u                                        (7.59%)
                 0      FP_ARITH_INST_RETIRED.256B_PACKED_SINGLE:u                                        (7.59%)
       11882674550 ns   duration_time:u                                                       
                 0      MEM_LOAD_RETIRED.LOCAL_PMM:u     #     13.0 %  tma_dram_bound         
                                                  #      0.0 %  tma_pmm_bound            (7.59%)
        1821979519      cpu/L1D_PEND_MISS.FB_FULL,cmask=0x1/u #      0.3 %  tma_l2_bound             (7.59%)
      288242462792      CYCLE_ACTIVITY.STALLS_L2_MISS:u  #     22.0 %  tma_l3_bound             (7.59%)
      293991471013      CYCLE_ACTIVITY.STALLS_L1D_MISS:u                                        (7.59%)
          15006878      MEM_LOAD_L3_MISS_RETIRED.REMOTE_FWD:u                                        (7.59%)
        1191141078      MEM_LOAD_RETIRED.FB_HIT:u                                               (7.59%)
                 0      MEM_LOAD_L3_MISS_RETIRED.REMOTE_PMM:u                                        (7.58%)
      104904923247      CYCLE_ACTIVITY.STALLS_L3_MISS:u                                         (7.58%)
      834627655610      CPU_CLK_UNHALTED.THREAD:u                                               (7.58%)
        3174968177      MEM_LOAD_RETIRED.L1_MISS:u                                              (7.58%)
         294361675      MEM_LOAD_L3_MISS_RETIRED.REMOTE_DRAM:u                                        (7.58%)
         241144995      MEM_LOAD_L3_MISS_RETIRED.LOCAL_DRAM:u                                        (7.58%)
           2365393      MEM_LOAD_L3_MISS_RETIRED.REMOTE_HITM:u                                        (7.58%)
         794498610      MEM_LOAD_RETIRED.L2_HIT:u                                               (7.58%)
       11882674550 ns   duration_time:u                                                       
        8701103493      CPU_CLK_UNHALTED.REF_XCLK:u      #      1.1 %  tma_frontend_bound     
                                                  #      5.0 %  tma_ports_utilized_1   
                                                  #      2.3 %  tma_ports_utilized_2   
                                                  #     31.2 %  tma_ports_utilized_0   
                                                  #     89.9 %  tma_backend_bound      
                                                  #      5.9 %  tma_bad_speculation    
                                                  #     34.9 %  tma_core_bound         
                                                  #     55.0 %  tma_memory_bound         (7.58%)
       37865514873      IDQ_UOPS_NOT_DELIVERED.CORE:u                                           (7.58%)
        2908648747      EXE_ACTIVITY.BOUND_ON_STORES:u   #      0.3 %  tma_store_bound          (7.58%)
        3102235568      INT_MISC.RECOVERY_CYCLES:u                                              (7.57%)
       42229190306      EXE_ACTIVITY.1_PORTS_UTIL:u                                             (7.58%)
        8737872214      CPU_CLK_UNHALTED.ONE_THREAD_ACTIVE:u                                        (7.57%)
      840057219801      CPU_CLK_UNHALTED.THREAD:u                                               (7.57%)
      103066627639      UOPS_RETIRED.RETIRE_SLOTS:u                                             (7.57%)
      478825931527      CYCLE_ACTIVITY.STALLS_MEM_ANY:u                                         (7.57%)
       19448673654      EXE_ACTIVITY.2_PORTS_UTIL:u                                             (7.57%)
      741141802694      CYCLE_ACTIVITY.STALLS_TOTAL:u                                           (7.57%)
      289525824945      UOPS_ISSUED.ANY:u                                                       (7.57%)
       11882674550 ns   duration_time:u                                                       
        8830251333      CPU_CLK_UNHALTED.REF_XCLK:u      #     19.4 %  tma_ports_utilization    (7.57%)
      119592283158      EXE_ACTIVITY.EXE_BOUND_0_PORTS:u                                        (7.56%)
       43048071490      EXE_ACTIVITY.1_PORTS_UTIL:u                                             (7.56%)
        8830049919      CPU_CLK_UNHALTED.ONE_THREAD_ACTIVE:u                                        (7.57%)
      847577312195      CPU_CLK_UNHALTED.THREAD:u        #      0.0 %  tma_divider              (7.56%)
      240458984140      UOPS_RETIRED.RETIRE_SLOTS:u                                             (7.56%)
      477459045493      CYCLE_ACTIVITY.STALLS_MEM_ANY:u                                         (7.56%)
      739564880985      CYCLE_ACTIVITY.STALLS_TOTAL:u                                           (7.56%)
       20236224142      EXE_ACTIVITY.2_PORTS_UTIL:u                                             (7.56%)
            412983      ARITH.DIVIDER_ACTIVE:u                                                  (7.55%)
       11882674550 ns   duration_time:u                                                       
        1182600730      MEM_LOAD_RETIRED.FB_HIT:u        #      0.1 %  tma_data_sharing         (0.96%)
      836238851825      CPU_CLK_UNHALTED.REF_TSC:u                                              (0.96%)
      836201868550      CPU_CLK_UNHALTED.THREAD:u                                               (0.96%)
           8966621      OCR.DEMAND_DATA_RD.L3_HIT.HITM_OTHER_CORE:u                                        (0.96%)
        3178316073      MEM_LOAD_RETIRED.L1_MISS:u                                              (0.96%)
          98695704      MEM_LOAD_L3_HIT_RETIRED.XSNP_HITM:u                                        (0.96%)
           2775808      MEM_LOAD_L3_HIT_RETIRED.XSNP_HIT:u                                        (0.96%)
         115304220      OCR.DEMAND_DATA_RD.L3_HIT.HIT_OTHER_CORE_FWD:u                                        (0.96%)
       11882674550 ns   duration_time:u                                                       
        1235063263      MEM_LOAD_RETIRED.FB_HIT:u        #      0.0 %  tma_contested_accesses   (0.96%)
             98877      MEM_LOAD_L3_HIT_RETIRED.XSNP_MISS:u                                        (0.96%)
      833235758777      CPU_CLK_UNHALTED.REF_TSC:u                                              (0.96%)
      833216431650      CPU_CLK_UNHALTED.THREAD:u                                               (0.96%)
           8730384      OCR.DEMAND_DATA_RD.L3_HIT.HITM_OTHER_CORE:u                                        (0.96%)
        3313475408      MEM_LOAD_RETIRED.L1_MISS:u                                              (0.96%)
          97463362      MEM_LOAD_L3_HIT_RETIRED.XSNP_HITM:u                                        (0.96%)
         113666369      OCR.DEMAND_DATA_RD.L3_HIT.HIT_OTHER_CORE_FWD:u                                        (0.96%)
       11882674550 ns   duration_time:u                                                       
        8676231972      CPU_CLK_UNHALTED.REF_XCLK:u      #      0.0 %  tma_assists            
                                                  #      0.0 %  tma_microcode_sequencer
                                                  #      0.0 %  tma_cisc                 (0.96%)
       49493277355      IDQ.MS_UOPS:u                                                           (0.96%)
                 0      FP_ASSIST.ANY:u                                                         (0.96%)
        8676231972      CPU_CLK_UNHALTED.ONE_THREAD_ACTIVE:u                                        (0.96%)
      832865488350      CPU_CLK_UNHALTED.THREAD:u                                               (0.96%)
                 0      UOPS_RETIRED.RETIRE_SLOTS:u                                             (0.96%)
      274370230692      UOPS_ISSUED.ANY:u                                                       (0.96%)
                 0      OTHER_ASSISTS.ANY:u                                                     (0.96%)
       11882674550 ns   duration_time:u                                                       
      178667224003      INST_RETIRED.ANY:u               #     -4.7 %  tma_few_uops_instructions  (0.96%)
        8699143417      CPU_CLK_UNHALTED.REF_XCLK:u                                             (0.96%)
       49606936197      IDQ.MS_UOPS:u                                                           (0.96%)
        8699143417      CPU_CLK_UNHALTED.ONE_THREAD_ACTIVE:u                                        (0.96%)
      835061136108      CPU_CLK_UNHALTED.THREAD:u                                               (0.96%)
       23193351524      UOPS_RETIRED.MACRO_FUSED:u                                              (0.96%)
                 0      UOPS_RETIRED.RETIRE_SLOTS:u                                             (0.96%)
      277098987561      UOPS_ISSUED.ANY:u                                                       (0.96%)
       11882674550 ns   duration_time:u                                                       
        8692446920      CPU_CLK_UNHALTED.REF_XCLK:u      #      7.9 %  tma_branch_mispredicts 
                                                  #      0.9 %  tma_machine_clears       (0.96%)
        3400017976      INT_MISC.RECOVERY_CYCLES:u                                              (0.96%)
         436615604      BR_MISP_RETIRED.ALL_BRANCHES:u                                          (0.96%)
        8692446920      CPU_CLK_UNHALTED.ONE_THREAD_ACTIVE:u                                        (0.96%)
      834379987289      CPU_CLK_UNHALTED.THREAD:u                                               (0.96%)
                 0      UOPS_RETIRED.RETIRE_SLOTS:u                                             (0.96%)
      277592126834      UOPS_ISSUED.ANY:u                                                       (0.96%)
          47234144      MACHINE_CLEARS.COUNT:u                                                  (0.96%)
       11882674550 ns   duration_time:u                                                       
      148302695494      OFFCORE_REQUESTS_OUTSTANDING.CYCLES_WITH_DEMAND_RFO:u #     17.8 %  tma_store_latency      
                                                  #      0.1 %  tma_lock_latency         (0.95%)
         105296611      MEM_INST_RETIRED.LOCK_LOADS:u                                           (0.95%)
         152816998      L2_RQSTS.RFO_HIT:u                                                      (0.95%)
       14237454681      MEM_INST_RETIRED.ALL_STORES:u                                           (0.95%)
         228797524      L2_RQSTS.ALL_RFO:u                                                      (0.95%)
      836210264415      CPU_CLK_UNHALTED.THREAD:u                                               (0.95%)
       11882674550 ns   duration_time:u                                                       
            671177      OCR.PF_L2_RFO.L3_HIT.HITM_OTHER_CORE:u #      0.0 %  tma_false_sharing        (7.55%)
          22768647      OCR.DEMAND_RFO.L3_HIT.HITM_OTHER_CORE:u                                        (7.55%)
           5466868      OCR.DEMAND_RFO.L3_MISS.REMOTE_HITM:u                                        (1.88%)
      845525574225      CPU_CLK_UNHALTED.REF_TSC:u                                              (2.83%)
      845555517672      CPU_CLK_UNHALTED.THREAD:u                                               (3.78%)
            102762      OCR.PF_L2_RFO.L3_MISS.REMOTE_HITM:u                                        (3.78%)
       11882674550 ns   duration_time:u                                                       
                 0      LD_BLOCKS.NO_SR:u                #      0.0 %  tma_split_loads          (0.95%)
        1275878185      MEM_LOAD_RETIRED.FB_HIT:u                                               (0.95%)
      833219006811      CPU_CLK_UNHALTED.THREAD:u                                               (0.95%)
      761553142988      L1D_PEND_MISS.PENDING:u                                                 (0.95%)
        3366321556      MEM_LOAD_RETIRED.L1_MISS:u                                              (0.95%)
       11882674550 ns   duration_time:u                                                       
        1077290250      MEM_LOAD_RETIRED.L3_HIT:u        #      0.5 %  tma_l3_hit_latency       (0.95%)
        1285026353      MEM_LOAD_RETIRED.FB_HIT:u                                               (0.95%)
      836229935189      CPU_CLK_UNHALTED.THREAD:u                                               (0.95%)
      836295324860      CPU_CLK_UNHALTED.REF_TSC:u                                              (0.95%)
        3379688914      MEM_LOAD_RETIRED.L1_MISS:u                                              (0.95%)
       11882674550 ns   duration_time:u                                                       
        2040145590      cpu/L1D_PEND_MISS.FB_FULL,cmask=0x1/u #     39.9 %  tma_fb_full              (0.95%)
        1271380722      MEM_LOAD_RETIRED.FB_HIT:u                                               (0.95%)
      835060830322      CPU_CLK_UNHALTED.THREAD:u                                               (0.95%)
      761722914659      L1D_PEND_MISS.PENDING:u                                                 (0.95%)
        3393678100      MEM_LOAD_RETIRED.L1_MISS:u                                              (0.95%)
       11882674550 ns   duration_time:u                                                       
          85463609      DTLB_STORE_MISSES.WALK_ACTIVE:u  #      0.0 %  tma_dtlb_store           (0.95%)
        8700411522      CPU_CLK_UNHALTED.REF_XCLK:u                                             (0.95%)
           3140913      cpu/DTLB_STORE_MISSES.STLB_HIT,cmask=0x1/u                                        (0.95%)
        8700411522      CPU_CLK_UNHALTED.ONE_THREAD_ACTIVE:u                                        (0.95%)
      835235607857      CPU_CLK_UNHALTED.THREAD:u                                               (0.95%)
       11882674550 ns   duration_time:u                                                       
        1863408399      cpu/DTLB_LOAD_MISSES.STLB_HIT,cmask=0x1/u #      2.2 %  tma_dtlb_load            (0.95%)
      320182151531      CYCLE_ACTIVITY.CYCLES_L1D_MISS:u                                        (0.95%)
      835693014530      CPU_CLK_UNHALTED.THREAD:u                                               (0.95%)
        1942142567      DTLB_LOAD_MISSES.WALK_ACTIVE:u                                          (0.95%)
      551968119461      CYCLE_ACTIVITY.CYCLES_MEM_ANY:u                                         (0.95%)
       11882674550 ns   duration_time:u                                                       
        8673535464      CPU_CLK_UNHALTED.REF_XCLK:u      #      0.6 %  tma_decoder0_alone       (0.95%)
        8673535464      CPU_CLK_UNHALTED.ONE_THREAD_ACTIVE:u                                        (0.95%)
      832618687739      CPU_CLK_UNHALTED.THREAD:u                                               (0.95%)
       19118753358      cpu/INST_DECODED.DECODERS,cmask=0x1/u                                        (0.95%)
       14402407333      cpu/INST_DECODED.DECODERS,cmask=0x2/u                                        (0.95%)
       11882674550 ns   duration_time:u                                                       
       19030612225      IDQ.ALL_MITE_CYCLES_ANY_UOPS:u   #      0.9 %  tma_mite                 (0.95%)
        8684504684      CPU_CLK_UNHALTED.REF_XCLK:u                                             (0.95%)
        8684504684      CPU_CLK_UNHALTED.ONE_THREAD_ACTIVE:u                                        (0.95%)
      833707271239      CPU_CLK_UNHALTED.THREAD:u                                               (0.95%)
        4824540659      IDQ.ALL_MITE_CYCLES_4_UOPS:u                                            (0.95%)
       11882674550 ns   duration_time:u                                                       
       33247552723      IDQ.ALL_DSB_CYCLES_4_UOPS:u      #      2.4 %  tma_dsb                  (0.95%)
        8685574244      CPU_CLK_UNHALTED.REF_XCLK:u                                             (0.95%)
        8685574244      CPU_CLK_UNHALTED.ONE_THREAD_ACTIVE:u                                        (0.95%)
      833810042144      CPU_CLK_UNHALTED.THREAD:u                                               (0.95%)
       73592916858      IDQ.ALL_DSB_CYCLES_ANY_UOPS:u                                           (0.95%)
       11882674550 ns   duration_time:u                                                       
        8681807591      CPU_CLK_UNHALTED.REF_XCLK:u      #      0.5 %  tma_fetch_latency      
                                                  #      0.8 %  tma_fetch_bandwidth      (0.95%)
       40986227376      IDQ_UOPS_NOT_DELIVERED.CORE:u                                           (0.95%)
        8681807591      CPU_CLK_UNHALTED.ONE_THREAD_ACTIVE:u                                        (0.95%)
      833449257230      CPU_CLK_UNHALTED.THREAD:u                                               (0.95%)
        3884963612      IDQ_UOPS_NOT_DELIVERED.CYCLES_0_UOPS_DELIV.CORE:u                                        (0.95%)
       11882674550 ns   duration_time:u                                                       
          35531414      OFFCORE_REQUESTS_BUFFER.SQ_FULL:u #      0.0 %  tma_sq_full              (0.95%)
        8675701051      CPU_CLK_UNHALTED.REF_XCLK:u                                             (0.95%)
        8675701051      CPU_CLK_UNHALTED.ONE_THREAD_ACTIVE:u                                        (0.95%)
      832862375203      CPU_CLK_UNHALTED.THREAD:u                                               (0.95%)
       11882674550 ns   duration_time:u                                                       
        8675407086      CPU_CLK_UNHALTED.REF_XCLK:u      #      0.0 %  tma_split_stores         (1.91%)
           2245016      MEM_INST_RETIRED.SPLIT_STORES:u                                         (1.91%)
        8675407086      CPU_CLK_UNHALTED.ONE_THREAD_ACTIVE:u                                        (1.91%)
      832834656434      CPU_CLK_UNHALTED.THREAD:u                                               (1.91%)
       11882674550 ns   duration_time:u                                                       
        8675821989      CPU_CLK_UNHALTED.REF_XCLK:u      #      3.9 %  tma_ports_utilized_3m    (1.91%)
       32493392799      UOPS_EXECUTED.CORE_CYCLES_GE_3:u                                        (1.91%)
        8675821989      CPU_CLK_UNHALTED.ONE_THREAD_ACTIVE:u                                        (1.91%)
      832842813622      CPU_CLK_UNHALTED.THREAD:u                                               (1.91%)
       11882674550 ns   duration_time:u                                                       
         442574156      BR_MISP_RETIRED.ALL_BRANCHES:u   #      0.0 %  tma_clears_resteers    
                                                  #      0.3 %  tma_mispredicts_resteers  (1.91%)
      833372938058      CPU_CLK_UNHALTED.THREAD:u                                               (1.91%)
          47354429      MACHINE_CLEARS.COUNT:u                                                  (1.91%)
        2945747043      INT_MISC.CLEAR_RESTEER_CYCLES:u                                         (1.91%)
       11882674550 ns   duration_time:u                                                       
      372237469867      OFFCORE_REQUESTS_OUTSTANDING.CYCLES_WITH_DATA_RD:u #     34.8 %  tma_mem_latency          (1.91%)
      834889784094      CPU_CLK_UNHALTED.THREAD:u        #      9.8 %  tma_mem_bandwidth        (1.91%)
       82094405569      cpu/OFFCORE_REQUESTS_OUTSTANDING.ALL_DATA_RD,cmask=0x4/u                                        (1.91%)
       11882674550 ns   duration_time:u                                                       
      293168119652      CYCLE_ACTIVITY.STALLS_L1D_MISS:u #     21.7 %  tma_l1_bound             (1.91%)
      836785978167      CPU_CLK_UNHALTED.THREAD:u                                               (1.91%)
      474342058460      CYCLE_ACTIVITY.STALLS_MEM_ANY:u                                         (1.91%)
       11882674550 ns   duration_time:u                                                       
          49240864      ICACHE_16B.IFDATA_STALL:u        #      0.0 %  tma_icache_misses        (1.90%)
      836493951377      CPU_CLK_UNHALTED.THREAD:u                                               (1.90%)
           1860024      cpu/ICACHE_16B.IFDATA_STALL,cmask=0x1,edge=0x1/u                                        (1.90%)
       11882674550 ns   duration_time:u                                                       
           5504278      BACLEARS.ANY:u                   #      0.0 %  tma_unknown_branches   
                                                  #      0.4 %  tma_branch_resteers      (1.90%)
      835022132625      CPU_CLK_UNHALTED.THREAD:u                                               (1.90%)
        2930504310      INT_MISC.CLEAR_RESTEER_CYCLES:u                                         (1.90%)
       11882674550 ns   duration_time:u                                                       
      834586729174      CPU_CLK_UNHALTED.THREAD:u        #      0.0 %  tma_store_fwd_blk        (2.86%)
           1545355      LD_BLOCKS.STORE_FORWARD:u                                               (2.86%)
       11882674550 ns   duration_time:u                                                       
      834721034331      CPU_CLK_UNHALTED.THREAD:u        #      0.0 %  tma_4k_aliasing          (2.86%)
         154858095      LD_BLOCKS_PARTIAL.ADDRESS_ALIAS:u                                        (2.86%)
       11882674550 ns   duration_time:u                                                       
      835031033646      CPU_CLK_UNHALTED.THREAD:u        #      3.8 %  tma_ms_switches          (2.86%)
       15722043718      IDQ.MS_SWITCHES:u                                                       (2.86%)
       11882674550 ns   duration_time:u                                                       
                 0      ILD_STALL.LCP:u                  #      0.0 %  tma_lcp                  (3.81%)
      834243747823      CPU_CLK_UNHALTED.THREAD:u                                               (3.81%)
       11882674550 ns   duration_time:u                                                       
         138883118      ICACHE_64B.IFTAG_STALL:u         #      0.0 %  tma_itlb_misses          (3.81%)
      834335635156      CPU_CLK_UNHALTED.THREAD:u                                               (3.81%)
       11882674550 ns   duration_time:u                                                       
        2486363917      DSB2MITE_SWITCHES.PENALTY_CYCLES:u #      0.3 %  tma_dsb_switches         (3.81%)
      834088061616      CPU_CLK_UNHALTED.THREAD:u                                               (3.81%)
       11882674550 ns   duration_time:u                                                       
       63971700266      L1-dcache-loads:u                                                       (3.81%)
        4209125462      L1-dcache-load-misses:u          #    6.42% of all L1-dcache accesses   (4.76%)
        2653267699      LLC-loads:u                                                             (4.76%)
        1352152438      LLC-load-misses:u                #   50.17% of all LL-cache accesses    (5.71%)

      11.882674550 seconds time elapsed

     352.814598000 seconds user
      10.849449000 seconds sys


