

       40471010499      branches:u                                                              (4.72%)
         475904453      branch-misses:u                  #    1.18% of all branches             (5.66%)
        2222689798      cache-misses:u                   #   54.798 % of all cache refs         (6.61%)
        4056136430      cache-references:u                                                      (7.55%)
           4675311      L1-icache-load-misses:u                                                 (8.49%)
        4435073787      L1-dcache-load-misses:u          #    6.67% of all L1-dcache accesses   (8.49%)
       67415077680      L1-dcache-loads:u                                                       (7.55%)
       15151544470      L1-dcache-stores:u                                                      (7.55%)
        1379235950      LLC-load-misses:u                #   50.93% of all LL-cache accesses    (7.56%)
        2729209470      LLC-loads:u                                                             (7.56%)
          33933152      LLC-store-misses:u                                                      (1.90%)
          84658250      LLC-stores:u                                                            (1.91%)
       12821603819 ns   duration_time:u                                                       
                 0      FP_ARITH_INST_RETIRED.128B_PACKED_SINGLE:u #      0.0 %  tma_fp_vector          
                                                  #      0.0 %  tma_fp_arith           
                                                  #      1.4 %  tma_other_light_ops      (5.70%)
      174886657379      INST_RETIRED.ANY:u               #     -0.8 %  tma_heavy_operations   
                                                  #      4.4 %  tma_light_operations   
                                                  #      0.3 %  tma_fused_instructions 
                                                  #      1.8 %  tma_memory_operations  
                                                  #      1.0 %  tma_non_fused_branches 
                                                  #      0.0 %  tma_nop_instructions     (6.65%)
       37774258438      BR_INST_RETIRED.ALL_BRANCHES:u                                          (7.60%)
        9798408176      CPU_CLK_UNHALTED.REF_XCLK:u      #      3.6 %  tma_retiring           
                                                  #      0.0 %  tma_x87_use              (7.59%)
      208203281739      UOPS_EXECUTED.THREAD:u                                                  (8.55%)
                 0      FP_ARITH_INST_RETIRED.SCALAR_DOUBLE:u #      0.0 %  tma_fp_scalar            (8.55%)
                 0      FP_ARITH_INST_RETIRED.512B_PACKED_SINGLE:u                                        (8.55%)
             16337      UOPS_EXECUTED.X87:u                                                     (8.54%)
                 0      FP_ARITH_INST_RETIRED.SCALAR_SINGLE:u                                        (8.54%)
       69360079178      MEM_INST_RETIRED.ANY:u                                                  (8.54%)
        9798127099      CPU_CLK_UNHALTED.ONE_THREAD_ACTIVE:u                                        (7.59%)
                 0      FP_ARITH_INST_RETIRED.256B_PACKED_DOUBLE:u                                        (7.60%)
      940701340460      CPU_CLK_UNHALTED.THREAD:u                                               (7.60%)
                 0      FP_ARITH_INST_RETIRED.128B_PACKED_DOUBLE:u                                        (7.59%)
      135230869043      UOPS_RETIRED.RETIRE_SLOTS:u                                             (7.59%)
         204314631      INST_RETIRED.NOP:u                                                      (7.59%)
        8111136790      UOPS_RETIRED.MACRO_FUSED:u                                              (7.59%)
                 0      FP_ARITH_INST_RETIRED.512B_PACKED_DOUBLE:u                                        (7.59%)
                 0      FP_ARITH_INST_RETIRED.256B_PACKED_SINGLE:u                                        (7.59%)
       12821603819 ns   duration_time:u                                                       
                 0      MEM_LOAD_RETIRED.LOCAL_PMM:u     #     12.1 %  tma_dram_bound         
                                                  #      0.0 %  tma_pmm_bound            (7.59%)
        1885809001      cpu/L1D_PEND_MISS.FB_FULL,cmask=0x1/u #      0.2 %  tma_l2_bound             (7.58%)
      318726879160      CYCLE_ACTIVITY.STALLS_L2_MISS:u  #     22.1 %  tma_l3_bound             (7.58%)
      323426840397      CYCLE_ACTIVITY.STALLS_L1D_MISS:u                                        (7.58%)
          14496884      MEM_LOAD_L3_MISS_RETIRED.REMOTE_FWD:u                                        (7.58%)
        1144680321      MEM_LOAD_RETIRED.FB_HIT:u                                               (7.58%)
                 0      MEM_LOAD_L3_MISS_RETIRED.REMOTE_PMM:u                                        (7.58%)
      111076917396      CYCLE_ACTIVITY.STALLS_L3_MISS:u                                         (7.58%)
      941279925279      CPU_CLK_UNHALTED.THREAD:u                                               (7.58%)
        3119409385      MEM_LOAD_RETIRED.L1_MISS:u                                              (7.57%)
         301238024      MEM_LOAD_L3_MISS_RETIRED.REMOTE_DRAM:u                                        (7.57%)
         243753661      MEM_LOAD_L3_MISS_RETIRED.LOCAL_DRAM:u                                        (7.57%)
           4094321      MEM_LOAD_L3_MISS_RETIRED.REMOTE_HITM:u                                        (7.57%)
         897594064      MEM_LOAD_RETIRED.L2_HIT:u                                               (7.58%)
       12821603819 ns   duration_time:u                                                       
        9806766095      CPU_CLK_UNHALTED.REF_XCLK:u      #      1.0 %  tma_frontend_bound     
                                                  #      4.5 %  tma_ports_utilized_1   
                                                  #      2.1 %  tma_ports_utilized_2   
                                                  #     27.7 %  tma_ports_utilized_0   
                                                  #     91.0 %  tma_backend_bound      
                                                  #      5.3 %  tma_bad_speculation    
                                                  #     31.3 %  tma_core_bound         
                                                  #     59.7 %  tma_memory_bound         (7.58%)
       38358000871      IDQ_UOPS_NOT_DELIVERED.CORE:u                                           (7.57%)
        2927184313      EXE_ACTIVITY.BOUND_ON_STORES:u   #      0.3 %  tma_store_bound          (7.57%)
        3160045947      INT_MISC.RECOVERY_CYCLES:u                                              (7.57%)
       43187734614      EXE_ACTIVITY.1_PORTS_UTIL:u                                             (7.57%)
        9861107819      CPU_CLK_UNHALTED.ONE_THREAD_ACTIVE:u                                        (7.57%)
      948495975189      CPU_CLK_UNHALTED.THREAD:u                                               (7.57%)
      104980333598      UOPS_RETIRED.RETIRE_SLOTS:u                                             (7.57%)
      582833085693      CYCLE_ACTIVITY.STALLS_MEM_ANY:u                                         (7.57%)
       19814475631      EXE_ACTIVITY.2_PORTS_UTIL:u                                             (7.56%)
      846296863237      CYCLE_ACTIVITY.STALLS_TOTAL:u                                           (7.57%)
      292941731855      UOPS_ISSUED.ANY:u                                                       (7.56%)
       12821603819 ns   duration_time:u                                                       
        9941533013      CPU_CLK_UNHALTED.REF_XCLK:u      #     17.2 %  tma_ports_utilization    (7.56%)
      119600951226      EXE_ACTIVITY.EXE_BOUND_0_PORTS:u                                        (7.56%)
       43409465556      EXE_ACTIVITY.1_PORTS_UTIL:u                                             (7.56%)
        9937253478      CPU_CLK_UNHALTED.ONE_THREAD_ACTIVE:u                                        (7.56%)
      953709824024      CPU_CLK_UNHALTED.THREAD:u        #      0.0 %  tma_divider              (7.56%)
      239584817650      UOPS_RETIRED.RETIRE_SLOTS:u                                             (7.56%)
      583742235169      CYCLE_ACTIVITY.STALLS_MEM_ANY:u                                         (7.56%)
      846306994271      CYCLE_ACTIVITY.STALLS_TOTAL:u                                           (7.55%)
       20222985496      EXE_ACTIVITY.2_PORTS_UTIL:u                                             (7.55%)
            131868      ARITH.DIVIDER_ACTIVE:u                                                  (7.55%)
       12821603819 ns   duration_time:u                                                       
        1235118043      MEM_LOAD_RETIRED.FB_HIT:u        #      0.1 %  tma_data_sharing         (0.95%)
      942732304292      CPU_CLK_UNHALTED.REF_TSC:u                                              (0.95%)
      942721909957      CPU_CLK_UNHALTED.THREAD:u                                               (0.95%)
          26344301      OCR.DEMAND_DATA_RD.L3_HIT.HITM_OTHER_CORE:u                                        (0.95%)
        3325102576      MEM_LOAD_RETIRED.L1_MISS:u                                              (0.95%)
         115035234      MEM_LOAD_L3_HIT_RETIRED.XSNP_HITM:u                                        (0.95%)
           1780215      MEM_LOAD_L3_HIT_RETIRED.XSNP_HIT:u                                        (0.95%)
         108259057      OCR.DEMAND_DATA_RD.L3_HIT.HIT_OTHER_CORE_FWD:u                                        (0.95%)
       12821603819 ns   duration_time:u                                                       
        1267262933      MEM_LOAD_RETIRED.FB_HIT:u        #      0.0 %  tma_contested_accesses   (0.95%)
           1404375      MEM_LOAD_L3_HIT_RETIRED.XSNP_MISS:u                                        (0.95%)
      941039801083      CPU_CLK_UNHALTED.REF_TSC:u                                              (0.95%)
      941011848708      CPU_CLK_UNHALTED.THREAD:u                                               (0.95%)
          26823406      OCR.DEMAND_DATA_RD.L3_HIT.HITM_OTHER_CORE:u                                        (0.95%)
        3253800937      MEM_LOAD_RETIRED.L1_MISS:u                                              (0.95%)
         113874161      MEM_LOAD_L3_HIT_RETIRED.XSNP_HITM:u                                        (0.95%)
         106763973      OCR.DEMAND_DATA_RD.L3_HIT.HIT_OTHER_CORE_FWD:u                                        (0.95%)
       12821603819 ns   duration_time:u                                                       
        9786489240      CPU_CLK_UNHALTED.REF_XCLK:u      #      0.0 %  tma_assists            
                                                  #      0.0 %  tma_microcode_sequencer
                                                  #      0.0 %  tma_cisc                 (0.95%)
       49134621503      IDQ.MS_UOPS:u                                                           (0.95%)
                 0      FP_ASSIST.ANY:u                                                         (0.95%)
        9786489240      CPU_CLK_UNHALTED.ONE_THREAD_ACTIVE:u                                        (0.95%)
      939450743045      CPU_CLK_UNHALTED.THREAD:u                                               (0.95%)
                 0      UOPS_RETIRED.RETIRE_SLOTS:u                                             (0.95%)
      274969597408      UOPS_ISSUED.ANY:u                                                       (0.95%)
                 0      OTHER_ASSISTS.ANY:u                                                     (0.95%)
       12821603819 ns   duration_time:u                                                       
      174842122274      INST_RETIRED.ANY:u               #     -4.0 %  tma_few_uops_instructions  (0.95%)
        9793119993      CPU_CLK_UNHALTED.REF_XCLK:u                                             (0.95%)
       49260469682      IDQ.MS_UOPS:u                                                           (0.95%)
        9793119993      CPU_CLK_UNHALTED.ONE_THREAD_ACTIVE:u                                        (0.95%)
      940074930144      CPU_CLK_UNHALTED.THREAD:u                                               (0.95%)
       22634555167      UOPS_RETIRED.MACRO_FUSED:u                                              (0.95%)
                 0      UOPS_RETIRED.RETIRE_SLOTS:u                                             (0.95%)
      274697572740      UOPS_ISSUED.ANY:u                                                       (0.95%)
       12821603819 ns   duration_time:u                                                       
        9793782632      CPU_CLK_UNHALTED.REF_XCLK:u      #      6.9 %  tma_branch_mispredicts 
                                                  #      0.8 %  tma_machine_clears       (0.95%)
        3362094844      INT_MISC.RECOVERY_CYCLES:u                                              (0.95%)
         454955080      BR_MISP_RETIRED.ALL_BRANCHES:u                                          (0.95%)
        9793782632      CPU_CLK_UNHALTED.ONE_THREAD_ACTIVE:u                                        (0.95%)
      940151317918      CPU_CLK_UNHALTED.THREAD:u                                               (0.95%)
                 0      UOPS_RETIRED.RETIRE_SLOTS:u                                             (0.95%)
      277823253110      UOPS_ISSUED.ANY:u                                                       (0.95%)
          54919672      MACHINE_CLEARS.COUNT:u                                                  (0.95%)
       12821603819 ns   duration_time:u                                                       
      221695085264      OFFCORE_REQUESTS_OUTSTANDING.CYCLES_WITH_DEMAND_RFO:u #     23.5 %  tma_store_latency      
                                                  #      0.2 %  tma_lock_latency         (0.96%)
         109750534      MEM_INST_RETIRED.LOCK_LOADS:u                                           (0.96%)
         149719590      L2_RQSTS.RFO_HIT:u                                                      (0.96%)
       14260648343      MEM_INST_RETIRED.ALL_STORES:u                                           (0.96%)
         227953400      L2_RQSTS.ALL_RFO:u                                                      (0.96%)
      942444405038      CPU_CLK_UNHALTED.THREAD:u                                               (0.96%)
       12821603819 ns   duration_time:u                                                       
            385876      OCR.PF_L2_RFO.L3_HIT.HITM_OTHER_CORE:u #      0.0 %  tma_false_sharing        (7.55%)
          20860816      OCR.DEMAND_RFO.L3_HIT.HITM_OTHER_CORE:u                                        (7.55%)
           5824889      OCR.DEMAND_RFO.L3_MISS.REMOTE_HITM:u                                        (1.89%)
      952970833237      CPU_CLK_UNHALTED.REF_TSC:u                                              (2.83%)
      953055982214      CPU_CLK_UNHALTED.THREAD:u                                               (3.78%)
            174955      OCR.PF_L2_RFO.L3_MISS.REMOTE_HITM:u                                        (3.78%)
       12821603819 ns   duration_time:u                                                       
                 0      LD_BLOCKS.NO_SR:u                #      0.0 %  tma_split_loads          (0.95%)
        1264448368      MEM_LOAD_RETIRED.FB_HIT:u                                               (0.95%)
      941599252897      CPU_CLK_UNHALTED.THREAD:u                                               (0.95%)
      804245794570      L1D_PEND_MISS.PENDING:u                                                 (0.95%)
        3344963378      MEM_LOAD_RETIRED.L1_MISS:u                                              (0.95%)
       12821603819 ns   duration_time:u                                                       
        1112816725      MEM_LOAD_RETIRED.L3_HIT:u        #      0.4 %  tma_l3_hit_latency       (0.95%)
        1287395477      MEM_LOAD_RETIRED.FB_HIT:u                                               (0.95%)
      941690649388      CPU_CLK_UNHALTED.THREAD:u                                               (0.95%)
      941700090677      CPU_CLK_UNHALTED.REF_TSC:u                                              (0.95%)
        3427065127      MEM_LOAD_RETIRED.L1_MISS:u                                              (0.95%)
       12821603819 ns   duration_time:u                                                       
        1803959182      cpu/L1D_PEND_MISS.FB_FULL,cmask=0x1/u #     33.3 %  tma_fb_full              (0.95%)
        1271408866      MEM_LOAD_RETIRED.FB_HIT:u                                               (0.95%)
      941364258711      CPU_CLK_UNHALTED.THREAD:u                                               (0.95%)
      799440637822      L1D_PEND_MISS.PENDING:u                                                 (0.95%)
        3334299067      MEM_LOAD_RETIRED.L1_MISS:u                                              (0.95%)
       12821603819 ns   duration_time:u                                                       
          84580899      DTLB_STORE_MISSES.WALK_ACTIVE:u  #      0.0 %  tma_dtlb_store           (0.95%)
        9803012337      CPU_CLK_UNHALTED.REF_XCLK:u                                             (0.95%)
           3098802      cpu/DTLB_STORE_MISSES.STLB_HIT,cmask=0x1/u                                        (0.95%)
        9803012337      CPU_CLK_UNHALTED.ONE_THREAD_ACTIVE:u                                        (0.95%)
      941081738035      CPU_CLK_UNHALTED.THREAD:u                                               (0.95%)
       12821603819 ns   duration_time:u                                                       
        1842709585      cpu/DTLB_LOAD_MISSES.STLB_HIT,cmask=0x1/u #      2.0 %  tma_dtlb_load            (0.95%)
      349424935685      CYCLE_ACTIVITY.CYCLES_L1D_MISS:u                                        (0.95%)
      941318149606      CPU_CLK_UNHALTED.THREAD:u                                               (0.95%)
        1849279541      DTLB_LOAD_MISSES.WALK_ACTIVE:u                                          (0.95%)
      657979105045      CYCLE_ACTIVITY.CYCLES_MEM_ANY:u                                         (0.95%)
       12821603819 ns   duration_time:u                                                       
        9815974804      CPU_CLK_UNHALTED.REF_XCLK:u      #      0.5 %  tma_decoder0_alone       (0.95%)
        9815974804      CPU_CLK_UNHALTED.ONE_THREAD_ACTIVE:u                                        (0.95%)
      942303066968      CPU_CLK_UNHALTED.THREAD:u                                               (0.95%)
       19615254668      cpu/INST_DECODED.DECODERS,cmask=0x1/u                                        (0.95%)
       14810739137      cpu/INST_DECODED.DECODERS,cmask=0x2/u                                        (0.95%)
       12821603819 ns   duration_time:u                                                       
       19088366626      IDQ.ALL_MITE_CYCLES_ANY_UOPS:u   #      0.8 %  tma_mite                 (0.95%)
        9812892240      CPU_CLK_UNHALTED.REF_XCLK:u                                             (0.95%)
        9812892240      CPU_CLK_UNHALTED.ONE_THREAD_ACTIVE:u                                        (0.95%)
      942033203886      CPU_CLK_UNHALTED.THREAD:u                                               (0.95%)
        4890197696      IDQ.ALL_MITE_CYCLES_4_UOPS:u                                            (0.95%)
       12821603819 ns   duration_time:u                                                       
       32504576963      IDQ.ALL_DSB_CYCLES_4_UOPS:u      #      2.1 %  tma_dsb                  (0.95%)
        9826729477      CPU_CLK_UNHALTED.REF_XCLK:u                                             (0.95%)
        9826729477      CPU_CLK_UNHALTED.ONE_THREAD_ACTIVE:u                                        (0.95%)
      943348991097      CPU_CLK_UNHALTED.THREAD:u                                               (0.95%)
       72757826466      IDQ.ALL_DSB_CYCLES_ANY_UOPS:u                                           (0.95%)
       12821603819 ns   duration_time:u                                                       
        9821235073      CPU_CLK_UNHALTED.REF_XCLK:u      #      0.4 %  tma_fetch_latency      
                                                  #      0.7 %  tma_fetch_bandwidth      (0.95%)
       40842466759      IDQ_UOPS_NOT_DELIVERED.CORE:u                                           (0.95%)
        9821235073      CPU_CLK_UNHALTED.ONE_THREAD_ACTIVE:u                                        (0.95%)
      942774487007      CPU_CLK_UNHALTED.THREAD:u                                               (0.95%)
        3852784029      IDQ_UOPS_NOT_DELIVERED.CYCLES_0_UOPS_DELIV.CORE:u                                        (0.95%)
       12821603819 ns   duration_time:u                                                       
          42936060      OFFCORE_REQUESTS_BUFFER.SQ_FULL:u #      0.0 %  tma_sq_full              (0.95%)
        9795191474      CPU_CLK_UNHALTED.REF_XCLK:u                                             (0.95%)
        9795191474      CPU_CLK_UNHALTED.ONE_THREAD_ACTIVE:u                                        (0.95%)
      940332345110      CPU_CLK_UNHALTED.THREAD:u                                               (0.95%)
       12821603819 ns   duration_time:u                                                       
        9802078208      CPU_CLK_UNHALTED.REF_XCLK:u      #      0.0 %  tma_split_stores         (1.91%)
           2384250      MEM_INST_RETIRED.SPLIT_STORES:u                                         (1.91%)
        9802078208      CPU_CLK_UNHALTED.ONE_THREAD_ACTIVE:u                                        (1.91%)
      940991092619      CPU_CLK_UNHALTED.THREAD:u                                               (1.91%)
       12821603819 ns   duration_time:u                                                       
        9799059171      CPU_CLK_UNHALTED.REF_XCLK:u      #      3.4 %  tma_ports_utilized_3m    (1.90%)
       32371811966      UOPS_EXECUTED.CORE_CYCLES_GE_3:u                                        (1.90%)
        9799059171      CPU_CLK_UNHALTED.ONE_THREAD_ACTIVE:u                                        (1.90%)
      940686387076      CPU_CLK_UNHALTED.THREAD:u                                               (1.90%)
       12821603819 ns   duration_time:u                                                       
         442452827      BR_MISP_RETIRED.ALL_BRANCHES:u   #      0.0 %  tma_clears_resteers    
                                                  #      0.3 %  tma_mispredicts_resteers  (1.90%)
      939847583402      CPU_CLK_UNHALTED.THREAD:u                                               (1.90%)
          54554994      MACHINE_CLEARS.COUNT:u                                                  (1.90%)
        2912676505      INT_MISC.CLEAR_RESTEER_CYCLES:u                                         (1.90%)
       12821603819 ns   duration_time:u                                                       
      373677062719      OFFCORE_REQUESTS_OUTSTANDING.CYCLES_WITH_DATA_RD:u #     30.7 %  tma_mem_latency          (1.90%)
      941299371121      CPU_CLK_UNHALTED.THREAD:u        #      9.0 %  tma_mem_bandwidth        (1.90%)
       84617138824      cpu/OFFCORE_REQUESTS_OUTSTANDING.ALL_DATA_RD,cmask=0x4/u                                        (1.90%)
       12821603819 ns   duration_time:u                                                       
      320592894081      CYCLE_ACTIVITY.STALLS_L1D_MISS:u #     27.3 %  tma_l1_bound             (1.90%)
      943555248039      CPU_CLK_UNHALTED.THREAD:u                                               (1.90%)
      577840881393      CYCLE_ACTIVITY.STALLS_MEM_ANY:u                                         (1.90%)
       12821603819 ns   duration_time:u                                                       
          53585036      ICACHE_16B.IFDATA_STALL:u        #      0.0 %  tma_icache_misses        (1.90%)
      942001800919      CPU_CLK_UNHALTED.THREAD:u                                               (1.90%)
           1876526      cpu/ICACHE_16B.IFDATA_STALL,cmask=0x1,edge=0x1/u                                        (1.90%)
       12821603819 ns   duration_time:u                                                       
           5652320      BACLEARS.ANY:u                   #      0.0 %  tma_unknown_branches   
                                                  #      0.3 %  tma_branch_resteers      (1.90%)
      940520518379      CPU_CLK_UNHALTED.THREAD:u                                               (1.90%)
        3053948273      INT_MISC.CLEAR_RESTEER_CYCLES:u                                         (1.90%)
       12821603819 ns   duration_time:u                                                       
      940659333761      CPU_CLK_UNHALTED.THREAD:u        #      0.0 %  tma_store_fwd_blk        (2.85%)
           1645022      LD_BLOCKS.STORE_FORWARD:u                                               (2.85%)
       12821603819 ns   duration_time:u                                                       
      941368927536      CPU_CLK_UNHALTED.THREAD:u        #      0.0 %  tma_4k_aliasing          (2.85%)
         215367574      LD_BLOCKS_PARTIAL.ADDRESS_ALIAS:u                                        (2.85%)
       12821603819 ns   duration_time:u                                                       
      940638126423      CPU_CLK_UNHALTED.THREAD:u        #      3.3 %  tma_ms_switches          (2.85%)
       15586422970      IDQ.MS_SWITCHES:u                                                       (2.85%)
       12821603819 ns   duration_time:u                                                       
               604      ILD_STALL.LCP:u                  #      0.0 %  tma_lcp                  (3.80%)
      940939660392      CPU_CLK_UNHALTED.THREAD:u                                               (3.80%)
       12821603819 ns   duration_time:u                                                       
         142903082      ICACHE_64B.IFTAG_STALL:u         #      0.0 %  tma_itlb_misses          (3.80%)
      941273792391      CPU_CLK_UNHALTED.THREAD:u                                               (3.80%)
       12821603819 ns   duration_time:u                                                       
        2584195804      DSB2MITE_SWITCHES.PENALTY_CYCLES:u #      0.3 %  tma_dsb_switches         (3.80%)
      940736832175      CPU_CLK_UNHALTED.THREAD:u                                               (3.80%)
       12821603819 ns   duration_time:u                                                       
       65471058166      L1-dcache-loads:u                                                       (3.80%)
        4362680544      L1-dcache-load-misses:u          #    6.57% of all L1-dcache accesses   (4.75%)
        2686924276      LLC-loads:u                                                             (4.75%)
        1365857359      LLC-load-misses:u                #   50.44% of all LL-cache accesses    (5.70%)

      12.821603819 seconds time elapsed

     397.348452000 seconds user
      11.498103000 seconds sys


