
       26520629231      branches:u                                                              (4.73%)
         684917959      branch-misses:u                  #    2.58% of all branches             (5.67%)
        1876143562      cache-misses:u                   #   47.473 % of all cache refs         (6.61%)
        3952021674      cache-references:u                                                      (7.56%)
           6553480      L1-icache-load-misses:u                                                 (8.50%)
        4552949565      L1-dcache-load-misses:u          #    7.23% of all L1-dcache accesses   (8.49%)
       67735614850      L1-dcache-loads:u                                                       (7.54%)
       18611727828      L1-dcache-stores:u                                                      (7.55%)
        1063380121      LLC-load-misses:u                #   38.09% of all LL-cache accesses    (7.57%)
        2826358474      LLC-loads:u                                                             (7.59%)
          49113174      LLC-store-misses:u                                                      (1.94%)
          99054710      LLC-stores:u                                                            (1.94%)
        6302981310 ns   duration_time:u                                                       
                 0      FP_ARITH_INST_RETIRED.128B_PACKED_SINGLE:u #      0.0 %  tma_fp_vector          
                                                  #      0.0 %  tma_fp_arith           
                                                  #      3.2 %  tma_other_light_ops      (5.78%)
      146480383035      INST_RETIRED.ANY:u               #     -2.7 %  tma_heavy_operations   
                                                  #     10.5 %  tma_light_operations   
                                                  #      0.5 %  tma_fused_instructions 
                                                  #      4.9 %  tma_memory_operations  
                                                  #      1.9 %  tma_non_fused_branches 
                                                  #      0.0 %  tma_nop_instructions     (6.74%)
       23853436304      BR_INST_RETIRED.ALL_BRANCHES:u                                          (7.71%)
        3470808612      CPU_CLK_UNHALTED.REF_XCLK:u      #      7.8 %  tma_retiring           
                                                  #      0.0 %  tma_x87_use              (7.70%)
      181383869839      UOPS_EXECUTED.THREAD:u                                                  (8.66%)
               404      FP_ARITH_INST_RETIRED.SCALAR_DOUBLE:u #      0.0 %  tma_fp_scalar            (8.66%)
                 0      FP_ARITH_INST_RETIRED.512B_PACKED_SINGLE:u                                        (8.65%)
             41609      UOPS_EXECUTED.X87:u                                                     (8.65%)
                 0      FP_ARITH_INST_RETIRED.SCALAR_SINGLE:u                                        (8.64%)
       68285950888      MEM_INST_RETIRED.ANY:u                                                  (8.64%)
        3480783232      CPU_CLK_UNHALTED.ONE_THREAD_ACTIVE:u                                        (7.67%)
                 0      FP_ARITH_INST_RETIRED.256B_PACKED_DOUBLE:u                                        (7.66%)
      334921296026      CPU_CLK_UNHALTED.THREAD:u                                               (7.65%)
                 0      FP_ARITH_INST_RETIRED.128B_PACKED_DOUBLE:u                                        (7.65%)
      104837358697      UOPS_RETIRED.RETIRE_SLOTS:u                                             (7.64%)
         109936330      INST_RETIRED.NOP:u                                                      (7.65%)
        5370155489      UOPS_RETIRED.MACRO_FUSED:u                                              (7.64%)
                 0      FP_ARITH_INST_RETIRED.512B_PACKED_DOUBLE:u                                        (7.64%)
                 0      FP_ARITH_INST_RETIRED.256B_PACKED_SINGLE:u                                        (7.64%)
        6302981310 ns   duration_time:u                                                       
                 0      MEM_LOAD_RETIRED.LOCAL_PMM:u     #     32.1 %  tma_dram_bound         
                                                  #      0.0 %  tma_pmm_bound            (7.64%)
        4368879122      cpu/L1D_PEND_MISS.FB_FULL,cmask=0x1/u #      0.1 %  tma_l2_bound             (7.64%)
      132138564956      CYCLE_ACTIVITY.STALLS_L2_MISS:u  #      8.0 %  tma_l3_bound             (7.65%)
      134191439280      CYCLE_ACTIVITY.STALLS_L1D_MISS:u                                        (7.65%)
          13654494      MEM_LOAD_L3_MISS_RETIRED.REMOTE_FWD:u                                        (7.65%)
        1522625841      MEM_LOAD_RETIRED.FB_HIT:u                                               (7.65%)
                 0      MEM_LOAD_L3_MISS_RETIRED.REMOTE_PMM:u                                        (7.65%)
      105556237152      CYCLE_ACTIVITY.STALLS_L3_MISS:u                                         (7.64%)
      333911451215      CPU_CLK_UNHALTED.THREAD:u                                               (7.64%)
        2342151923      MEM_LOAD_RETIRED.L1_MISS:u                                              (7.64%)
         168758806      MEM_LOAD_L3_MISS_RETIRED.REMOTE_DRAM:u                                        (7.64%)
         156730237      MEM_LOAD_L3_MISS_RETIRED.LOCAL_DRAM:u                                        (7.63%)
           6639773      MEM_LOAD_L3_MISS_RETIRED.REMOTE_HITM:u                                        (7.63%)
         555525970      MEM_LOAD_RETIRED.L2_HIT:u                                               (7.62%)
        6302981310 ns   duration_time:u                                                       
        3477894556      CPU_CLK_UNHALTED.REF_XCLK:u      #      2.5 %  tma_frontend_bound     
                                                  #      7.9 %  tma_ports_utilized_1   
                                                  #      5.1 %  tma_ports_utilized_2   
                                                  #     26.2 %  tma_ports_utilized_0   
                                                  #     80.5 %  tma_backend_bound      
                                                  #     11.5 %  tma_bad_speculation    
                                                  #     32.0 %  tma_core_bound         
                                                  #     48.5 %  tma_memory_bound         (7.63%)
       32991117284      IDQ_UOPS_NOT_DELIVERED.CORE:u                                           (7.63%)
        4766100888      EXE_ACTIVITY.BOUND_ON_STORES:u   #      1.4 %  tma_store_bound          (7.62%)
        4266127515      INT_MISC.RECOVERY_CYCLES:u                                              (7.62%)
       26566249682      EXE_ACTIVITY.1_PORTS_UTIL:u                                             (7.61%)
        3482683892      CPU_CLK_UNHALTED.ONE_THREAD_ACTIVE:u                                        (7.61%)
      334590823883      CPU_CLK_UNHALTED.THREAD:u                                               (7.60%)
       74114964524      UOPS_RETIRED.RETIRE_SLOTS:u                                             (7.60%)
      169825463671      CYCLE_ACTIVITY.STALLS_MEM_ANY:u                                         (7.59%)
       16996611157      EXE_ACTIVITY.2_PORTS_UTIL:u                                             (7.59%)
      257623493092      CYCLE_ACTIVITY.STALLS_TOTAL:u                                           (7.59%)
      211071977987      UOPS_ISSUED.ANY:u                                                       (7.58%)
        6302981310 ns   duration_time:u                                                       
        3486907992      CPU_CLK_UNHALTED.REF_XCLK:u      #     19.8 %  tma_ports_utilization    (7.58%)
       37439745123      EXE_ACTIVITY.EXE_BOUND_0_PORTS:u                                        (7.59%)
       26618266868      EXE_ACTIVITY.1_PORTS_UTIL:u                                             (7.59%)
        3482987118      CPU_CLK_UNHALTED.ONE_THREAD_ACTIVE:u                                        (7.59%)
      334510414897      CPU_CLK_UNHALTED.THREAD:u        #      0.0 %  tma_divider              (7.58%)
      170584673179      UOPS_RETIRED.RETIRE_SLOTS:u                                             (7.58%)
      170128448866      CYCLE_ACTIVITY.STALLS_MEM_ANY:u                                         (7.58%)
      258480202101      CYCLE_ACTIVITY.STALLS_TOTAL:u                                           (7.58%)
       16805601559      EXE_ACTIVITY.2_PORTS_UTIL:u                                             (7.58%)
            304604      ARITH.DIVIDER_ACTIVE:u                                                  (7.57%)
        6302981310 ns   duration_time:u                                                       
        1460297993      MEM_LOAD_RETIRED.FB_HIT:u        #      0.3 %  tma_data_sharing         (0.97%)
      336666029780      CPU_CLK_UNHALTED.REF_TSC:u                                              (0.97%)
      336656464582      CPU_CLK_UNHALTED.THREAD:u                                               (0.97%)
          19946799      OCR.DEMAND_DATA_RD.L3_HIT.HITM_OTHER_CORE:u                                        (0.97%)
        2298032935      MEM_LOAD_RETIRED.L1_MISS:u                                              (0.97%)
          58012876      MEM_LOAD_L3_HIT_RETIRED.XSNP_HITM:u                                        (0.97%)
           2174255      MEM_LOAD_L3_HIT_RETIRED.XSNP_HIT:u                                        (0.97%)
          77294981      OCR.DEMAND_DATA_RD.L3_HIT.HIT_OTHER_CORE_FWD:u                                        (0.97%)
        6302981310 ns   duration_time:u                                                       
        1448003227      MEM_LOAD_RETIRED.FB_HIT:u        #      0.1 %  tma_contested_accesses   (0.97%)
            419742      MEM_LOAD_L3_HIT_RETIRED.XSNP_MISS:u                                        (0.97%)
      334364539472      CPU_CLK_UNHALTED.REF_TSC:u                                              (0.97%)
      334355942978      CPU_CLK_UNHALTED.THREAD:u                                               (0.97%)
          20097235      OCR.DEMAND_DATA_RD.L3_HIT.HITM_OTHER_CORE:u                                        (0.97%)
        2276496065      MEM_LOAD_RETIRED.L1_MISS:u                                              (0.97%)
          56549517      MEM_LOAD_L3_HIT_RETIRED.XSNP_HITM:u                                        (0.97%)
          75931133      OCR.DEMAND_DATA_RD.L3_HIT.HIT_OTHER_CORE_FWD:u                                        (0.97%)
        6302981310 ns   duration_time:u                                                       
        3489672553      CPU_CLK_UNHALTED.REF_XCLK:u      #      0.0 %  tma_assists            
                                                  #      0.0 %  tma_microcode_sequencer
                                                  #      0.0 %  tma_cisc                 (0.97%)
       18781182516      IDQ.MS_UOPS:u                                                           (0.97%)
                 0      FP_ASSIST.ANY:u                                                         (0.97%)
        3489672553      CPU_CLK_UNHALTED.ONE_THREAD_ACTIVE:u                                        (0.97%)
      335006836844      CPU_CLK_UNHALTED.THREAD:u                                               (0.97%)
                 0      UOPS_RETIRED.RETIRE_SLOTS:u                                             (0.97%)
      221602085299      UOPS_ISSUED.ANY:u                                                       (0.97%)
                 0      OTHER_ASSISTS.ANY:u                                                     (0.97%)
        6302981310 ns   duration_time:u                                                       
      159557145563      INST_RETIRED.ANY:u               #    -10.8 %  tma_few_uops_instructions  (0.97%)
        3483076972      CPU_CLK_UNHALTED.REF_XCLK:u                                             (0.97%)
       18688127283      IDQ.MS_UOPS:u                                                           (0.97%)
        3483076972      CPU_CLK_UNHALTED.ONE_THREAD_ACTIVE:u                                        (0.97%)
      334373628654      CPU_CLK_UNHALTED.THREAD:u                                               (0.97%)
       15187325948      UOPS_RETIRED.MACRO_FUSED:u                                              (0.97%)
                 0      UOPS_RETIRED.RETIRE_SLOTS:u                                             (0.97%)
      222731969634      UOPS_ISSUED.ANY:u                                                       (0.97%)
        6302981310 ns   duration_time:u                                                       
        3473094063      CPU_CLK_UNHALTED.REF_XCLK:u      #     17.4 %  tma_branch_mispredicts 
                                                  #      0.4 %  tma_machine_clears       (0.97%)
        4294259160      INT_MISC.RECOVERY_CYCLES:u                                              (0.97%)
         657467728      BR_MISP_RETIRED.ALL_BRANCHES:u                                          (0.97%)
        3473094063      CPU_CLK_UNHALTED.ONE_THREAD_ACTIVE:u                                        (0.97%)
      333415451056      CPU_CLK_UNHALTED.THREAD:u                                               (0.97%)
                 0      UOPS_RETIRED.RETIRE_SLOTS:u                                             (0.97%)
      220557662866      UOPS_ISSUED.ANY:u                                                       (0.97%)
          16415208      MACHINE_CLEARS.COUNT:u                                                  (0.97%)
        6302981310 ns   duration_time:u                                                       
       27668879630      OFFCORE_REQUESTS_OUTSTANDING.CYCLES_WITH_DEMAND_RFO:u #      9.0 %  tma_store_latency      
                                                  #      0.2 %  tma_lock_latency         (0.97%)
         351213349      MEM_INST_RETIRED.LOCK_LOADS:u                                           (0.97%)
         265680939      L2_RQSTS.RFO_HIT:u                                                      (0.97%)
       17716511538      MEM_INST_RETIRED.ALL_STORES:u                                           (0.97%)
         362352236      L2_RQSTS.ALL_RFO:u                                                      (0.97%)
      333400010441      CPU_CLK_UNHALTED.THREAD:u                                               (0.97%)
        6302981310 ns   duration_time:u                                                       
           1503839      OCR.PF_L2_RFO.L3_HIT.HITM_OTHER_CORE:u #      0.0 %  tma_false_sharing        (7.57%)
           5156222      OCR.DEMAND_RFO.L3_HIT.HITM_OTHER_CORE:u                                        (7.56%)
             92685      OCR.DEMAND_RFO.L3_MISS.REMOTE_HITM:u                                        (1.89%)
      340906206544      CPU_CLK_UNHALTED.REF_TSC:u                                              (2.85%)
      341851230163      CPU_CLK_UNHALTED.THREAD:u                                               (3.79%)
            498547      OCR.PF_L2_RFO.L3_MISS.REMOTE_HITM:u                                        (3.79%)
        6302981310 ns   duration_time:u                                                       
           9986367      LD_BLOCKS.NO_SR:u                #      0.4 %  tma_split_loads          (0.97%)
        1476486018      MEM_LOAD_RETIRED.FB_HIT:u                                               (0.97%)
      333882958095      CPU_CLK_UNHALTED.THREAD:u                                               (0.97%)
      477524173006      L1D_PEND_MISS.PENDING:u                                                 (0.97%)
        2287410974      MEM_LOAD_RETIRED.L1_MISS:u                                              (0.97%)
        6302981310 ns   duration_time:u                                                       
         927188761      MEM_LOAD_RETIRED.L3_HIT:u        #      2.4 %  tma_l3_hit_latency       (0.97%)
        1450779081      MEM_LOAD_RETIRED.FB_HIT:u                                               (0.97%)
      333934051963      CPU_CLK_UNHALTED.THREAD:u                                               (0.97%)
      333943444883      CPU_CLK_UNHALTED.REF_TSC:u                                              (0.97%)
        2253166326      MEM_LOAD_RETIRED.L1_MISS:u                                              (0.97%)
        6302981310 ns   duration_time:u                                                       
        4355554256      cpu/L1D_PEND_MISS.FB_FULL,cmask=0x1/u #    167.4 %  tma_fb_full              (0.97%)
        1461704660      MEM_LOAD_RETIRED.FB_HIT:u                                               (0.97%)
      334443645555      CPU_CLK_UNHALTED.THREAD:u                                               (0.97%)
      478171495006      L1D_PEND_MISS.PENDING:u                                                 (0.97%)
        2258519858      MEM_LOAD_RETIRED.L1_MISS:u                                              (0.97%)
        6302981310 ns   duration_time:u                                                       
         252658602      DTLB_STORE_MISSES.WALK_ACTIVE:u  #      0.2 %  tma_dtlb_store           (0.97%)
        3477372960      CPU_CLK_UNHALTED.REF_XCLK:u                                             (0.97%)
          58991406      cpu/DTLB_STORE_MISSES.STLB_HIT,cmask=0x1/u                                        (0.97%)
        3477372960      CPU_CLK_UNHALTED.ONE_THREAD_ACTIVE:u                                        (0.97%)
      333826057973      CPU_CLK_UNHALTED.THREAD:u                                               (0.97%)
        6302981310 ns   duration_time:u                                                       
        1138100355      cpu/DTLB_LOAD_MISSES.STLB_HIT,cmask=0x1/u #      3.9 %  tma_dtlb_load            (0.97%)
      155876702247      CYCLE_ACTIVITY.CYCLES_L1D_MISS:u                                        (0.97%)
      334025115823      CPU_CLK_UNHALTED.THREAD:u                                               (0.97%)
        2661255059      DTLB_LOAD_MISSES.WALK_ACTIVE:u                                          (0.97%)
      238968225477      CYCLE_ACTIVITY.CYCLES_MEM_ANY:u                                         (0.97%)
        6302981310 ns   duration_time:u                                                       
        3484086549      CPU_CLK_UNHALTED.REF_XCLK:u      #      1.9 %  tma_decoder0_alone       (0.97%)
        3484086549      CPU_CLK_UNHALTED.ONE_THREAD_ACTIVE:u                                        (0.97%)
      334470750305      CPU_CLK_UNHALTED.THREAD:u                                               (0.97%)
       16271444956      cpu/INST_DECODED.DECODERS,cmask=0x1/u                                        (0.97%)
        9872520611      cpu/INST_DECODED.DECODERS,cmask=0x2/u                                        (0.97%)
        6302981310 ns   duration_time:u                                                       
       16153262972      IDQ.ALL_MITE_CYCLES_ANY_UOPS:u   #      1.6 %  tma_mite                 (0.97%)
        3470388115      CPU_CLK_UNHALTED.REF_XCLK:u                                             (0.97%)
        3470388115      CPU_CLK_UNHALTED.ONE_THREAD_ACTIVE:u                                        (0.97%)
      333155498431      CPU_CLK_UNHALTED.THREAD:u                                               (0.97%)
        5809505118      IDQ.ALL_MITE_CYCLES_4_UOPS:u                                            (0.97%)
        6302981310 ns   duration_time:u                                                       
       31316206119      IDQ.ALL_DSB_CYCLES_4_UOPS:u      #      2.6 %  tma_dsb                  (0.97%)
        3478768980      CPU_CLK_UNHALTED.REF_XCLK:u                                             (0.97%)
        3478768980      CPU_CLK_UNHALTED.ONE_THREAD_ACTIVE:u                                        (0.97%)
      333959878757      CPU_CLK_UNHALTED.THREAD:u                                               (0.97%)
       48484321661      IDQ.ALL_DSB_CYCLES_ANY_UOPS:u                                           (0.97%)
        6302981310 ns   duration_time:u                                                       
        3483767902      CPU_CLK_UNHALTED.REF_XCLK:u      #      1.2 %  tma_fetch_latency      
                                                  #      1.3 %  tma_fetch_bandwidth      (0.97%)
       34289769427      IDQ_UOPS_NOT_DELIVERED.CORE:u                                           (0.97%)
        3483767902      CPU_CLK_UNHALTED.ONE_THREAD_ACTIVE:u                                        (0.97%)
      334439280970      CPU_CLK_UNHALTED.THREAD:u                                               (0.97%)
        4065207397      IDQ_UOPS_NOT_DELIVERED.CYCLES_0_UOPS_DELIV.CORE:u                                        (0.97%)
        6302981310 ns   duration_time:u                                                       
         456482370      OFFCORE_REQUESTS_BUFFER.SQ_FULL:u #      0.1 %  tma_sq_full              (0.97%)
        3467051412      CPU_CLK_UNHALTED.REF_XCLK:u                                             (0.97%)
        3467051412      CPU_CLK_UNHALTED.ONE_THREAD_ACTIVE:u                                        (0.97%)
      332835072644      CPU_CLK_UNHALTED.THREAD:u                                               (0.97%)
        6302981310 ns   duration_time:u                                                       
        3471018326      CPU_CLK_UNHALTED.REF_XCLK:u      #      0.0 %  tma_split_stores         (1.94%)
           6807712      MEM_INST_RETIRED.SPLIT_STORES:u                                         (1.94%)
        3471018326      CPU_CLK_UNHALTED.ONE_THREAD_ACTIVE:u                                        (1.94%)
      333215865220      CPU_CLK_UNHALTED.THREAD:u                                               (1.94%)
        6302981310 ns   duration_time:u                                                       
        3477807538      CPU_CLK_UNHALTED.REF_XCLK:u      #     10.3 %  tma_ports_utilized_3m    (1.93%)
       34355712973      UOPS_EXECUTED.CORE_CYCLES_GE_3:u                                        (1.93%)
        3477807538      CPU_CLK_UNHALTED.ONE_THREAD_ACTIVE:u                                        (1.93%)
      333867678905      CPU_CLK_UNHALTED.THREAD:u                                               (1.93%)
        6302981310 ns   duration_time:u                                                       
         667431215      BR_MISP_RETIRED.ALL_BRANCHES:u   #      0.0 %  tma_clears_resteers    
                                                  #      0.9 %  tma_mispredicts_resteers  (1.93%)
      333889982672      CPU_CLK_UNHALTED.THREAD:u                                               (1.93%)
          16970542      MACHINE_CLEARS.COUNT:u                                                  (1.93%)
        3243525761      INT_MISC.CLEAR_RESTEER_CYCLES:u                                         (1.93%)
        6302981310 ns   duration_time:u                                                       
      174476355530      OFFCORE_REQUESTS_OUTSTANDING.CYCLES_WITH_DATA_RD:u #     30.2 %  tma_mem_latency          (1.93%)
      333659368665      CPU_CLK_UNHALTED.THREAD:u        #     22.1 %  tma_mem_bandwidth        (1.93%)
       73672237232      cpu/OFFCORE_REQUESTS_OUTSTANDING.ALL_DATA_RD,cmask=0x4/u                                        (1.93%)
        6302981310 ns   duration_time:u                                                       
      131296623389      CYCLE_ACTIVITY.STALLS_L1D_MISS:u #     10.5 %  tma_l1_bound             (1.93%)
      333819485991      CPU_CLK_UNHALTED.THREAD:u                                               (1.93%)
      166285527316      CYCLE_ACTIVITY.STALLS_MEM_ANY:u                                         (1.93%)
        6302981310 ns   duration_time:u                                                       
          54882316      ICACHE_16B.IFDATA_STALL:u        #      0.0 %  tma_icache_misses        (1.93%)
      333891296898      CPU_CLK_UNHALTED.THREAD:u                                               (1.93%)
           2421505      cpu/ICACHE_16B.IFDATA_STALL,cmask=0x1,edge=0x1/u                                        (1.93%)
        6302981310 ns   duration_time:u                                                       
          15795069      BACLEARS.ANY:u                   #      0.0 %  tma_unknown_branches   
                                                  #      1.0 %  tma_branch_resteers      (1.93%)
      333037148070      CPU_CLK_UNHALTED.THREAD:u                                               (1.93%)
        3270713124      INT_MISC.CLEAR_RESTEER_CYCLES:u                                         (1.93%)
        6302981310 ns   duration_time:u                                                       
      332974309466      CPU_CLK_UNHALTED.THREAD:u        #      0.0 %  tma_store_fwd_blk        (2.89%)
           6361660      LD_BLOCKS.STORE_FORWARD:u                                               (2.89%)
        6302981310 ns   duration_time:u                                                       
      333002328649      CPU_CLK_UNHALTED.THREAD:u        #      0.1 %  tma_4k_aliasing          (2.89%)
         305012976      LD_BLOCKS_PARTIAL.ADDRESS_ALIAS:u                                        (2.89%)
        6302981310 ns   duration_time:u                                                       
      332864049627      CPU_CLK_UNHALTED.THREAD:u        #      3.2 %  tma_ms_switches          (2.89%)
        5267912453      IDQ.MS_SWITCHES:u                                                       (2.89%)
        6302981310 ns   duration_time:u                                                       
               233      ILD_STALL.LCP:u                  #      0.0 %  tma_lcp                  (3.86%)
      332301750680      CPU_CLK_UNHALTED.THREAD:u                                               (3.86%)
        6302981310 ns   duration_time:u                                                       
          88231104      ICACHE_64B.IFTAG_STALL:u         #      0.0 %  tma_itlb_misses          (3.86%)
      332327653618      CPU_CLK_UNHALTED.THREAD:u                                               (3.86%)
        6302981310 ns   duration_time:u                                                       
        5783687952      DSB2MITE_SWITCHES.PENALTY_CYCLES:u #      1.7 %  tma_dsb_switches         (3.86%)
      332374515479      CPU_CLK_UNHALTED.THREAD:u                                               (3.86%)
        6302981310 ns   duration_time:u                                                       
       58292666325      L1-dcache-loads:u                                                       (3.86%)
        4333662598      L1-dcache-load-misses:u          #    6.88% of all L1-dcache accesses   (4.82%)
        2756935437      LLC-loads:u                                                             (4.82%)
        1030569505      LLC-load-misses:u                #   36.92% of all LL-cache accesses    (5.78%)

       6.302981310 seconds time elapsed

     142.281225000 seconds user
       7.911147000 seconds sys


