 
       27010697689      branches:u                                                              (4.72%)
         698003785      branch-misses:u                  #    2.58% of all branches             (5.67%)
        1942112787      cache-misses:u                   #   47.426 % of all cache refs         (6.61%)
        4095062969      cache-references:u                                                      (7.55%)
           6509873      L1-icache-load-misses:u                                                 (8.49%)
        4694243863      L1-dcache-load-misses:u          #    7.44% of all L1-dcache accesses   (8.49%)
       68308260193      L1-dcache-loads:u                                                       (7.56%)
       18707778379      L1-dcache-stores:u                                                      (7.58%)
        1082518446      LLC-load-misses:u                #   38.35% of all LL-cache accesses    (7.60%)
        2867565523      LLC-loads:u                                                             (7.62%)
          47682264      LLC-store-misses:u                                                      (1.93%)
          98073765      LLC-stores:u                                                            (1.94%)
        6461115393 ns   duration_time:u                                                       
                 0      FP_ARITH_INST_RETIRED.128B_PACKED_SINGLE:u #      0.0 %  tma_fp_vector          
                                                  #      0.0 %  tma_fp_arith           
                                                  #      3.2 %  tma_other_light_ops      (5.77%)
      147684707092      INST_RETIRED.ANY:u               #     -2.5 %  tma_heavy_operations   
                                                  #     10.3 %  tma_light_operations   
                                                  #      0.5 %  tma_fused_instructions 
                                                  #      4.8 %  tma_memory_operations  
                                                  #      1.8 %  tma_non_fused_branches 
                                                  #      0.0 %  tma_nop_instructions     (6.73%)
       24047210368      BR_INST_RETIRED.ALL_BRANCHES:u                                          (7.69%)
        3605271103      CPU_CLK_UNHALTED.REF_XCLK:u      #      7.8 %  tma_retiring           
                                                  #      0.0 %  tma_x87_use              (7.68%)
      183660047488      UOPS_EXECUTED.THREAD:u                                                  (8.64%)
              4517      FP_ARITH_INST_RETIRED.SCALAR_DOUBLE:u #      0.0 %  tma_fp_scalar            (8.63%)
                 0      FP_ARITH_INST_RETIRED.512B_PACKED_SINGLE:u                                        (8.64%)
             41317      UOPS_EXECUTED.X87:u                                                     (8.64%)
                 0      FP_ARITH_INST_RETIRED.SCALAR_SINGLE:u                                        (8.64%)
       68277668438      MEM_INST_RETIRED.ANY:u                                                  (8.63%)
        3599975698      CPU_CLK_UNHALTED.ONE_THREAD_ACTIVE:u                                        (7.67%)
                 0      FP_ARITH_INST_RETIRED.256B_PACKED_DOUBLE:u                                        (7.67%)
      345365796938      CPU_CLK_UNHALTED.THREAD:u                                               (7.68%)
                 0      FP_ARITH_INST_RETIRED.128B_PACKED_DOUBLE:u                                        (7.67%)
      107380915956      UOPS_RETIRED.RETIRE_SLOTS:u                                             (7.67%)
         112213000      INST_RETIRED.NOP:u                                                      (7.67%)
        5608949355      UOPS_RETIRED.MACRO_FUSED:u                                              (7.66%)
                 0      FP_ARITH_INST_RETIRED.512B_PACKED_DOUBLE:u                                        (7.66%)
                 0      FP_ARITH_INST_RETIRED.256B_PACKED_SINGLE:u                                        (7.65%)
        6461115393 ns   duration_time:u                                                       
                 0      MEM_LOAD_RETIRED.LOCAL_PMM:u     #     31.9 %  tma_dram_bound         
                                                  #      0.0 %  tma_pmm_bound            (7.64%)
        4453229926      cpu/L1D_PEND_MISS.FB_FULL,cmask=0x1/u #      0.1 %  tma_l2_bound             (7.64%)
      140607616083      CYCLE_ACTIVITY.STALLS_L2_MISS:u  #      9.3 %  tma_l3_bound             (7.64%)
      143082485960      CYCLE_ACTIVITY.STALLS_L1D_MISS:u                                        (7.63%)
          14088529      MEM_LOAD_L3_MISS_RETIRED.REMOTE_FWD:u                                        (7.62%)
        1499327394      MEM_LOAD_RETIRED.FB_HIT:u                                               (7.62%)
                 0      MEM_LOAD_L3_MISS_RETIRED.REMOTE_PMM:u                                        (7.61%)
      108378480817      CYCLE_ACTIVITY.STALLS_L3_MISS:u                                         (7.62%)
      345773317357      CPU_CLK_UNHALTED.THREAD:u                                               (7.62%)
        2350253817      MEM_LOAD_RETIRED.L1_MISS:u                                              (7.63%)
         174975601      MEM_LOAD_L3_MISS_RETIRED.REMOTE_DRAM:u                                        (7.63%)
         151281867      MEM_LOAD_L3_MISS_RETIRED.LOCAL_DRAM:u                                        (7.62%)
           7262466      MEM_LOAD_L3_MISS_RETIRED.REMOTE_HITM:u                                        (7.62%)
         576254654      MEM_LOAD_RETIRED.L2_HIT:u                                               (7.62%)
        6461115393 ns   duration_time:u                                                       
        3600965517      CPU_CLK_UNHALTED.REF_XCLK:u      #      2.6 %  tma_frontend_bound     
                                                  #      7.8 %  tma_ports_utilized_1   
                                                  #      5.0 %  tma_ports_utilized_2   
                                                  #     25.4 %  tma_ports_utilized_0   
                                                  #     80.5 %  tma_backend_bound      
                                                  #     11.5 %  tma_bad_speculation    
                                                  #     31.0 %  tma_core_bound         
                                                  #     49.5 %  tma_memory_bound         (7.62%)
       35415272216      IDQ_UOPS_NOT_DELIVERED.CORE:u                                           (7.61%)
        4778015097      EXE_ACTIVITY.BOUND_ON_STORES:u   #      1.4 %  tma_store_bound          (7.61%)
        4682663772      INT_MISC.RECOVERY_CYCLES:u                                              (7.61%)
       27196266097      EXE_ACTIVITY.1_PORTS_UTIL:u                                             (7.61%)
        3607354126      CPU_CLK_UNHALTED.ONE_THREAD_ACTIVE:u                                        (7.60%)
      346302704018      CPU_CLK_UNHALTED.THREAD:u                                               (7.60%)
       74917115888      UOPS_RETIRED.RETIRE_SLOTS:u                                             (7.59%)
      180088974470      CYCLE_ACTIVITY.STALLS_MEM_ANY:u                                         (7.59%)
       17412477044      EXE_ACTIVITY.2_PORTS_UTIL:u                                             (7.59%)
      267985790377      CYCLE_ACTIVITY.STALLS_TOTAL:u                                           (7.59%)
      216235000218      UOPS_ISSUED.ANY:u                                                       (7.58%)
        6461115393 ns   duration_time:u                                                       
        3607485063      CPU_CLK_UNHALTED.REF_XCLK:u      #     19.2 %  tma_ports_utilization    (7.59%)
       37276838016      EXE_ACTIVITY.EXE_BOUND_0_PORTS:u                                        (7.59%)
       27206622391      EXE_ACTIVITY.1_PORTS_UTIL:u                                             (7.59%)
        3609230318      CPU_CLK_UNHALTED.ONE_THREAD_ACTIVE:u                                        (7.58%)
      346530242594      CPU_CLK_UNHALTED.THREAD:u        #      0.0 %  tma_divider              (7.58%)
      173060480349      UOPS_RETIRED.RETIRE_SLOTS:u                                             (7.58%)
      180393699167      CYCLE_ACTIVITY.STALLS_MEM_ANY:u                                         (7.58%)
      268650861893      CYCLE_ACTIVITY.STALLS_TOTAL:u                                           (7.58%)
       17595590832      EXE_ACTIVITY.2_PORTS_UTIL:u                                             (7.57%)
            309765      ARITH.DIVIDER_ACTIVE:u                                                  (7.57%)
        6461115393 ns   duration_time:u                                                       
        1509224079      MEM_LOAD_RETIRED.FB_HIT:u        #      0.3 %  tma_data_sharing         (0.97%)
      348332084807      CPU_CLK_UNHALTED.REF_TSC:u                                              (0.97%)
      348320888697      CPU_CLK_UNHALTED.THREAD:u                                               (0.97%)
          20117602      OCR.DEMAND_DATA_RD.L3_HIT.HITM_OTHER_CORE:u                                        (0.97%)
        2333522485      MEM_LOAD_RETIRED.L1_MISS:u                                              (0.97%)
          59828165      MEM_LOAD_L3_HIT_RETIRED.XSNP_HITM:u                                        (0.97%)
           2070669      MEM_LOAD_L3_HIT_RETIRED.XSNP_HIT:u                                        (0.97%)
          77783471      OCR.DEMAND_DATA_RD.L3_HIT.HIT_OTHER_CORE_FWD:u                                        (0.97%)
        6461115393 ns   duration_time:u                                                       
        1491739798      MEM_LOAD_RETIRED.FB_HIT:u        #      0.1 %  tma_contested_accesses   (0.97%)
            406761      MEM_LOAD_L3_HIT_RETIRED.XSNP_MISS:u                                        (0.97%)
      346749528372      CPU_CLK_UNHALTED.REF_TSC:u                                              (0.97%)
      346738257680      CPU_CLK_UNHALTED.THREAD:u                                               (0.97%)
          19876671      OCR.DEMAND_DATA_RD.L3_HIT.HITM_OTHER_CORE:u                                        (0.97%)
        2319949386      MEM_LOAD_RETIRED.L1_MISS:u                                              (0.97%)
          60424162      MEM_LOAD_L3_HIT_RETIRED.XSNP_HITM:u                                        (0.97%)
          79341590      OCR.DEMAND_DATA_RD.L3_HIT.HIT_OTHER_CORE_FWD:u                                        (0.97%)
        6461115393 ns   duration_time:u                                                       
        3608602544      CPU_CLK_UNHALTED.REF_XCLK:u      #      0.0 %  tma_assists            
                                                  #      0.0 %  tma_microcode_sequencer
                                                  #      0.0 %  tma_cisc                 (0.97%)
       19505203168      IDQ.MS_UOPS:u                                                           (0.97%)
                 0      FP_ASSIST.ANY:u                                                         (0.97%)
        3608602544      CPU_CLK_UNHALTED.ONE_THREAD_ACTIVE:u                                        (0.97%)
      346423940076      CPU_CLK_UNHALTED.THREAD:u                                               (0.97%)
                 0      UOPS_RETIRED.RETIRE_SLOTS:u                                             (0.97%)
      227291617782      UOPS_ISSUED.ANY:u                                                       (0.97%)
                 0      OTHER_ASSISTS.ANY:u                                                     (0.97%)
        6461115393 ns   duration_time:u                                                       
      161712250029      INST_RETIRED.ANY:u               #    -10.5 %  tma_few_uops_instructions  (0.97%)
        3617765310      CPU_CLK_UNHALTED.REF_XCLK:u                                             (0.97%)
       19506221076      IDQ.MS_UOPS:u                                                           (0.97%)
        3617765310      CPU_CLK_UNHALTED.ONE_THREAD_ACTIVE:u                                        (0.97%)
      347303373256      CPU_CLK_UNHALTED.THREAD:u                                               (0.97%)
       15364330403      UOPS_RETIRED.MACRO_FUSED:u                                              (0.97%)
                 0      UOPS_RETIRED.RETIRE_SLOTS:u                                             (0.97%)
      226560114661      UOPS_ISSUED.ANY:u                                                       (0.97%)
        6461115393 ns   duration_time:u                                                       
        3607782526      CPU_CLK_UNHALTED.REF_XCLK:u      #     17.1 %  tma_branch_mispredicts 
                                                  #      0.5 %  tma_machine_clears       (0.97%)
        4397314259      INT_MISC.RECOVERY_CYCLES:u                                              (0.97%)
         669746257      BR_MISP_RETIRED.ALL_BRANCHES:u                                          (0.97%)
        3607782526      CPU_CLK_UNHALTED.ONE_THREAD_ACTIVE:u                                        (0.97%)
      346345411688      CPU_CLK_UNHALTED.THREAD:u                                               (0.97%)
                 0      UOPS_RETIRED.RETIRE_SLOTS:u                                             (0.97%)
      227001523402      UOPS_ISSUED.ANY:u                                                       (0.97%)
          20470526      MACHINE_CLEARS.COUNT:u                                                  (0.97%)
        6461115393 ns   duration_time:u                                                       
       28587576466      OFFCORE_REQUESTS_OUTSTANDING.CYCLES_WITH_DEMAND_RFO:u #      8.9 %  tma_store_latency      
                                                  #      0.3 %  tma_lock_latency         (0.97%)
         396977673      MEM_INST_RETIRED.LOCK_LOADS:u                                           (0.97%)
         263111486      L2_RQSTS.RFO_HIT:u                                                      (0.97%)
       17679427910      MEM_INST_RETIRED.ALL_STORES:u                                           (0.97%)
         360005101      L2_RQSTS.ALL_RFO:u                                                      (0.97%)
      345792538655      CPU_CLK_UNHALTED.THREAD:u                                               (0.97%)
        6461115393 ns   duration_time:u                                                       
           1913777      OCR.PF_L2_RFO.L3_HIT.HITM_OTHER_CORE:u #      0.0 %  tma_false_sharing        (7.57%)
           5774371      OCR.DEMAND_RFO.L3_HIT.HITM_OTHER_CORE:u                                        (7.57%)
             45598      OCR.DEMAND_RFO.L3_MISS.REMOTE_HITM:u                                        (1.89%)
      357071060767      CPU_CLK_UNHALTED.REF_TSC:u                                              (2.84%)
      357516270662      CPU_CLK_UNHALTED.THREAD:u                                               (3.78%)
            569347      OCR.PF_L2_RFO.L3_MISS.REMOTE_HITM:u                                        (3.78%)
        6461115393 ns   duration_time:u                                                       
          10086301      LD_BLOCKS.NO_SR:u                #      0.4 %  tma_split_loads          (0.97%)
        1487171615      MEM_LOAD_RETIRED.FB_HIT:u                                               (0.97%)
      347434794934      CPU_CLK_UNHALTED.THREAD:u                                               (0.97%)
      490872104586      L1D_PEND_MISS.PENDING:u                                                 (0.97%)
        2334422163      MEM_LOAD_RETIRED.L1_MISS:u                                              (0.97%)
        6461115393 ns   duration_time:u                                                       
        1001283249      MEM_LOAD_RETIRED.L3_HIT:u        #      2.4 %  tma_l3_hit_latency       (0.97%)
        1517291396      MEM_LOAD_RETIRED.FB_HIT:u                                               (0.97%)
      347216970225      CPU_CLK_UNHALTED.THREAD:u                                               (0.97%)
      347233839038      CPU_CLK_UNHALTED.REF_TSC:u                                              (0.97%)
        2356298940      MEM_LOAD_RETIRED.L1_MISS:u                                              (0.97%)
        6461115393 ns   duration_time:u                                                       
        4424554302      cpu/L1D_PEND_MISS.FB_FULL,cmask=0x1/u #    165.2 %  tma_fb_full              (0.97%)
        1493513720      MEM_LOAD_RETIRED.FB_HIT:u                                               (0.97%)
      346346453112      CPU_CLK_UNHALTED.THREAD:u                                               (0.97%)
      493618661523      L1D_PEND_MISS.PENDING:u                                                 (0.97%)
        2323324903      MEM_LOAD_RETIRED.L1_MISS:u                                              (0.97%)
        6461115393 ns   duration_time:u                                                       
         248777240      DTLB_STORE_MISSES.WALK_ACTIVE:u  #      0.2 %  tma_dtlb_store           (0.97%)
        3624030069      CPU_CLK_UNHALTED.REF_XCLK:u                                             (0.97%)
          59283394      cpu/DTLB_STORE_MISSES.STLB_HIT,cmask=0x1/u                                        (0.97%)
        3624030069      CPU_CLK_UNHALTED.ONE_THREAD_ACTIVE:u                                        (0.97%)
      347899877582      CPU_CLK_UNHALTED.THREAD:u                                               (0.97%)
        6461115393 ns   duration_time:u                                                       
        1176349351      cpu/DTLB_LOAD_MISSES.STLB_HIT,cmask=0x1/u #      3.9 %  tma_dtlb_load            (0.97%)
      164583539907      CYCLE_ACTIVITY.CYCLES_L1D_MISS:u                                        (0.97%)
      346640846323      CPU_CLK_UNHALTED.THREAD:u                                               (0.97%)
        2811172163      DTLB_LOAD_MISSES.WALK_ACTIVE:u                                          (0.97%)
      249039070842      CYCLE_ACTIVITY.CYCLES_MEM_ANY:u                                         (0.97%)
        6461115393 ns   duration_time:u                                                       
        3611550881      CPU_CLK_UNHALTED.REF_XCLK:u      #      1.8 %  tma_decoder0_alone       (0.97%)
        3611550881      CPU_CLK_UNHALTED.ONE_THREAD_ACTIVE:u                                        (0.97%)
      346707060090      CPU_CLK_UNHALTED.THREAD:u                                               (0.97%)
       15982384104      cpu/INST_DECODED.DECODERS,cmask=0x1/u                                        (0.97%)
        9716015171      cpu/INST_DECODED.DECODERS,cmask=0x2/u                                        (0.97%)
        6461115393 ns   duration_time:u                                                       
       15963344957      IDQ.ALL_MITE_CYCLES_ANY_UOPS:u   #      1.5 %  tma_mite                 (0.97%)
        3602845984      CPU_CLK_UNHALTED.REF_XCLK:u                                             (0.97%)
        3602845984      CPU_CLK_UNHALTED.ONE_THREAD_ACTIVE:u                                        (0.97%)
      345860420044      CPU_CLK_UNHALTED.THREAD:u                                               (0.97%)
        5685520509      IDQ.ALL_MITE_CYCLES_4_UOPS:u                                            (0.97%)
        6461115393 ns   duration_time:u                                                       
       31452141409      IDQ.ALL_DSB_CYCLES_4_UOPS:u      #      2.5 %  tma_dsb                  (0.97%)
        3604232249      CPU_CLK_UNHALTED.REF_XCLK:u                                             (0.97%)
        3604232249      CPU_CLK_UNHALTED.ONE_THREAD_ACTIVE:u                                        (0.97%)
      345990695685      CPU_CLK_UNHALTED.THREAD:u                                               (0.97%)
       48841832289      IDQ.ALL_DSB_CYCLES_ANY_UOPS:u                                           (0.97%)
        6461115393 ns   duration_time:u                                                       
        3589783143      CPU_CLK_UNHALTED.REF_XCLK:u      #      1.2 %  tma_fetch_latency      
                                                  #      1.3 %  tma_fetch_bandwidth      (0.97%)
       34468460411      IDQ_UOPS_NOT_DELIVERED.CORE:u                                           (0.97%)
        3589783143      CPU_CLK_UNHALTED.ONE_THREAD_ACTIVE:u                                        (0.97%)
      344595647908      CPU_CLK_UNHALTED.THREAD:u                                               (0.97%)
        4142635767      IDQ_UOPS_NOT_DELIVERED.CYCLES_0_UOPS_DELIV.CORE:u                                        (0.97%)
        6461115393 ns   duration_time:u                                                       
         439722465      OFFCORE_REQUESTS_BUFFER.SQ_FULL:u #      0.1 %  tma_sq_full              (0.97%)
        3595904976      CPU_CLK_UNHALTED.REF_XCLK:u                                             (0.97%)
        3595904976      CPU_CLK_UNHALTED.ONE_THREAD_ACTIVE:u                                        (0.97%)
      345205172771      CPU_CLK_UNHALTED.THREAD:u                                               (0.97%)
        6461115393 ns   duration_time:u                                                       
        3598816137      CPU_CLK_UNHALTED.REF_XCLK:u      #      0.0 %  tma_split_stores         (1.94%)
           6382975      MEM_INST_RETIRED.SPLIT_STORES:u                                         (1.94%)
        3598816137      CPU_CLK_UNHALTED.ONE_THREAD_ACTIVE:u                                        (1.94%)
      345484554533      CPU_CLK_UNHALTED.THREAD:u                                               (1.94%)
        6461115393 ns   duration_time:u                                                       
        3601069240      CPU_CLK_UNHALTED.REF_XCLK:u      #     10.0 %  tma_ports_utilized_3m    (1.94%)
       34565992302      UOPS_EXECUTED.CORE_CYCLES_GE_3:u                                        (1.94%)
        3601069240      CPU_CLK_UNHALTED.ONE_THREAD_ACTIVE:u                                        (1.94%)
      345657115612      CPU_CLK_UNHALTED.THREAD:u                                               (1.94%)
        6461115393 ns   duration_time:u                                                       
         665332928      BR_MISP_RETIRED.ALL_BRANCHES:u   #      0.0 %  tma_clears_resteers    
                                                  #      0.9 %  tma_mispredicts_resteers  (1.93%)
      345137202173      CPU_CLK_UNHALTED.THREAD:u                                               (1.93%)
          20129961      MACHINE_CLEARS.COUNT:u                                                  (1.93%)
        3263076304      INT_MISC.CLEAR_RESTEER_CYCLES:u                                         (1.93%)
        6461115393 ns   duration_time:u                                                       
      184300480397      OFFCORE_REQUESTS_OUTSTANDING.CYCLES_WITH_DATA_RD:u #     31.7 %  tma_mem_latency          (1.93%)
      345105866298      CPU_CLK_UNHALTED.THREAD:u        #     21.7 %  tma_mem_bandwidth        (1.93%)
       74860732545      cpu/OFFCORE_REQUESTS_OUTSTANDING.ALL_DATA_RD,cmask=0x4/u                                        (1.93%)
        6461115393 ns   duration_time:u                                                       
      140405067869      CYCLE_ACTIVITY.STALLS_L1D_MISS:u #     10.4 %  tma_l1_bound             (1.93%)
      345299887821      CPU_CLK_UNHALTED.THREAD:u                                               (1.93%)
      176274482470      CYCLE_ACTIVITY.STALLS_MEM_ANY:u                                         (1.93%)
        6461115393 ns   duration_time:u                                                       
          59644801      ICACHE_16B.IFDATA_STALL:u        #      0.0 %  tma_icache_misses        (1.93%)
      345857872146      CPU_CLK_UNHALTED.THREAD:u                                               (1.93%)
           2638581      cpu/ICACHE_16B.IFDATA_STALL,cmask=0x1,edge=0x1/u                                        (1.93%)
        6461115393 ns   duration_time:u                                                       
          15577847      BACLEARS.ANY:u                   #      0.0 %  tma_unknown_branches   
                                                  #      1.0 %  tma_branch_resteers      (1.93%)
      345762577214      CPU_CLK_UNHALTED.THREAD:u                                               (1.93%)
        3334988070      INT_MISC.CLEAR_RESTEER_CYCLES:u                                         (1.93%)
        6461115393 ns   duration_time:u                                                       
      346188934731      CPU_CLK_UNHALTED.THREAD:u        #      0.0 %  tma_store_fwd_blk        (2.90%)
           6677710      LD_BLOCKS.STORE_FORWARD:u                                               (2.90%)
        6461115393 ns   duration_time:u                                                       
      345926719493      CPU_CLK_UNHALTED.THREAD:u        #      0.1 %  tma_4k_aliasing          (2.89%)
         296679713      LD_BLOCKS_PARTIAL.ADDRESS_ALIAS:u                                        (2.89%)
        6461115393 ns   duration_time:u                                                       
      345976953566      CPU_CLK_UNHALTED.THREAD:u        #      3.1 %  tma_ms_switches          (2.89%)
        5349931728      IDQ.MS_SWITCHES:u                                                       (2.89%)
        6461115393 ns   duration_time:u                                                       
               233      ILD_STALL.LCP:u                  #      0.0 %  tma_lcp                  (3.86%)
      345597312565      CPU_CLK_UNHALTED.THREAD:u                                               (3.86%)
        6461115393 ns   duration_time:u                                                       
         107299307      ICACHE_64B.IFTAG_STALL:u         #      0.0 %  tma_itlb_misses          (3.86%)
      345339358776      CPU_CLK_UNHALTED.THREAD:u                                               (3.86%)
        6461115393 ns   duration_time:u                                                       
        5968500283      DSB2MITE_SWITCHES.PENALTY_CYCLES:u #      1.7 %  tma_dsb_switches         (3.86%)
      345353780380      CPU_CLK_UNHALTED.THREAD:u                                               (3.86%)
        6461115393 ns   duration_time:u                                                       
       57862037298      L1-dcache-loads:u                                                       (3.85%)
        4379096775      L1-dcache-load-misses:u          #    6.94% of all L1-dcache accesses   (4.81%)
        2777930312      LLC-loads:u                                                             (4.81%)
        1052433149      LLC-load-misses:u                #   37.28% of all LL-cache accesses    (5.77%)

       6.461115393 seconds time elapsed

     147.454534000 seconds user
       7.936739000 seconds sys


